Bridge Backend Started ::
Listening on swap event ......
Confirming swap from BSC TESTNET to ROPSTEN TESTNET Tx : https://testnet.bscscan.com/tx/0x2ae8733469c71bead8ec3be02e39f67d41105292fd177a064c63af1c6868be11
Processing Redeem Tx: 0x2ae8733469c71bead8ec3be02e39f67d41105292fd177a064c63af1c6868be11 .....
Sending Redeem Tx 0x2ae8733469c71bead8ec3be02e39f67d41105292fd177a064c63af1c6868be11 to blockchain network, waiting for confirmation...
Redeem Tx 0x2ae8733469c71bead8ec3be02e39f67d41105292fd177a064c63af1c6868be11 has been processed, check this redeem tx https://ropsten.etherscan.io/tx/0xc1bfc9f7a5b0b4d80c6de82a5bb66ff8a754df9201c9c5e2b48c3d9586f8d350
Confirming swap from BSC TESTNET to ROPSTEN TESTNET Tx : https://testnet.bscscan.com/tx/0x5f174e51ea4fe141a35fbf2509d14703dcda497449e30bc49b2bbfde2692e590
Processing Redeem Tx: 0x5f174e51ea4fe141a35fbf2509d14703dcda497449e30bc49b2bbfde2692e590 .....
Sending Redeem Tx 0x5f174e51ea4fe141a35fbf2509d14703dcda497449e30bc49b2bbfde2692e590 to blockchain network, waiting for confirmation...
Redeem Tx 0x5f174e51ea4fe141a35fbf2509d14703dcda497449e30bc49b2bbfde2692e590 has been processed, check this redeem tx https://ropsten.etherscan.io/tx/0x624e725a34bdc1b1151b8e9530054c1434f70aae30e442d066305593034019a4
Confirming swap from BSC TESTNET to ROPSTEN TESTNET Tx : https://testnet.bscscan.com/tx/0x936f9ebdc2c0b4252301ceb5e3bd9ab6ad68bf48b5d8bef6823c6c49120b209e
Processing Redeem Tx: 0x936f9ebdc2c0b4252301ceb5e3bd9ab6ad68bf48b5d8bef6823c6c49120b209e .....
Sending Redeem Tx 0x936f9ebdc2c0b4252301ceb5e3bd9ab6ad68bf48b5d8bef6823c6c49120b209e to blockchain network, waiting for confirmation...
Redeem Tx 0x936f9ebdc2c0b4252301ceb5e3bd9ab6ad68bf48b5d8bef6823c6c49120b209e has been processed, check this redeem tx https://ropsten.etherscan.io/tx/0x170b5698556e7118c74b091378dc1a80fbdb228c26ac250725e2f5546c9b73a4
Confirming swap from BSC TESTNET to ROPSTEN TESTNET Tx : https://testnet.bscscan.com/tx/0x410ebe112df6d79c466ed5d6ecc404f4a1f8c83d421eb4b1fa09ecaa76cc6e1d
Processing Redeem Tx: 0x410ebe112df6d79c466ed5d6ecc404f4a1f8c83d421eb4b1fa09ecaa76cc6e1d .....
Sending Redeem Tx 0x410ebe112df6d79c466ed5d6ecc404f4a1f8c83d421eb4b1fa09ecaa76cc6e1d to blockchain network, waiting for confirmation...
Redeem Tx 0x410ebe112df6d79c466ed5d6ecc404f4a1f8c83d421eb4b1fa09ecaa76cc6e1d has been processed, check this redeem tx https://ropsten.etherscan.io/tx/0x5c8998d90ab4d917f46bc392cd6329a2452fd3efd8528a9ec0fc3a3372f7ca0e
Confirming swap from BSC TESTNET to ROPSTEN TESTNET Tx : https://testnet.bscscan.com/tx/0xc05012e33ff1dc91d117a75b3f6933c4cfeab720a12357eab6ee407c3807b416
Processing Redeem Tx: 0xc05012e33ff1dc91d117a75b3f6933c4cfeab720a12357eab6ee407c3807b416 .....
Sending Redeem Tx 0xc05012e33ff1dc91d117a75b3f6933c4cfeab720a12357eab6ee407c3807b416 to blockchain network, waiting for confirmation...
Bridge Backend Started ::
Listening on swap event ......
Confirming swap from BSC TESTNET to ROPSTEN TESTNET Tx : https://testnet.bscscan.com/tx/0xe12448cc84badcfcb5fa4ebe53da80e977647ef139afcc997a3ba560eea8fd82
Processing Redeem Tx: 0xe12448cc84badcfcb5fa4ebe53da80e977647ef139afcc997a3ba560eea8fd82 .....
Sending Redeem Tx 0xe12448cc84badcfcb5fa4ebe53da80e977647ef139afcc997a3ba560eea8fd82 to blockchain network, waiting for confirmation...
Redeem Tx 0xe12448cc84badcfcb5fa4ebe53da80e977647ef139afcc997a3ba560eea8fd82 has been processed, check this redeem tx https://ropsten.etherscan.io/tx/0x4ff95d103dedf7083214835321bc14c49cfe9cd5a7134a93454c64afcc4f0d68
Confirming swap from BSC TESTNET to ROPSTEN TESTNET Tx : https://testnet.bscscan.com/tx/0xeaf812895c5b2baa3dc284f75447b02fde9de721b126fefca0954f744bd95fbc
Processing Redeem Tx: 0xeaf812895c5b2baa3dc284f75447b02fde9de721b126fefca0954f744bd95fbc .....
Sending Redeem Tx 0xeaf812895c5b2baa3dc284f75447b02fde9de721b126fefca0954f744bd95fbc to blockchain network, waiting for confirmation...
Redeem Tx 0xeaf812895c5b2baa3dc284f75447b02fde9de721b126fefca0954f744bd95fbc has been processed, check this redeem tx https://ropsten.etherscan.io/tx/0xda4fdf8d6da0ecf8fd403ad7f56ec0f344e80619c5c11913e54ec94175766d23
Confirming swap from BSC TESTNET to ROPSTEN TESTNET Tx : https://testnet.bscscan.com/tx/0xc05012e33ff1dc91d117a75b3f6933c4cfeab720a12357eab6ee407c3807b416
Processing Redeem Tx: 0xc05012e33ff1dc91d117a75b3f6933c4cfeab720a12357eab6ee407c3807b416 .....
