Bridge Backend Started ::
Listening on swap event ......
Confirming swap from BSC MAINNET to ETH Tx : https://bscscan.com/tx/0xfbb93f96716b0d2956048248304c92a0a4c59ddaeb7e5ebb03ae204fdeee814b
Processing Redeem Tx: 0xfbb93f96716b0d2956048248304c92a0a4c59ddaeb7e5ebb03ae204fdeee814b .....
Sending Redeem Tx 0xfbb93f96716b0d2956048248304c92a0a4c59ddaeb7e5ebb03ae204fdeee814b to blockchain network, waiting for confirmation...
Redeem Tx 0xfbb93f96716b0d2956048248304c92a0a4c59ddaeb7e5ebb03ae204fdeee814b has been processed, check this redeem tx https://etherscan.io/tx/0xfcc52ca52856b0f02f7843e46aff199906ce2331a4a34c0693d8757ae00614a4
Confirming swap from BSC MAINNET to ETH Tx : https://bscscan.com/tx/0xa3de9b4cac23aedea77ebad404c38b4a79eff5ab113f8c4db9f0ef98a34ebb66
Processing Redeem Tx: 0xa3de9b4cac23aedea77ebad404c38b4a79eff5ab113f8c4db9f0ef98a34ebb66 .....
Sending Redeem Tx 0xa3de9b4cac23aedea77ebad404c38b4a79eff5ab113f8c4db9f0ef98a34ebb66 to blockchain network, waiting for confirmation...
Redeem Tx 0xfbb93f96716b0d2956048248304c92a0a4c59ddaeb7e5ebb03ae204fdeee814b has been processed, check this redeem tx https://etherscan.io/tx/0xda40f9c2b8d17c5f28abd99baa61628a364bd52773f01f813bfaa6416e375378
Confirming swap from BSC MAINNET to ETH Tx : https://bscscan.com/tx/0x7bfeaf225f1e4b07c40f9b763c7b3d2b2ce748463b756a9593115d726e275f1a
Processing Redeem Tx: 0x7bfeaf225f1e4b07c40f9b763c7b3d2b2ce748463b756a9593115d726e275f1a .....
Sending Redeem Tx 0x7bfeaf225f1e4b07c40f9b763c7b3d2b2ce748463b756a9593115d726e275f1a to blockchain network, waiting for confirmation...
Redeem Tx 0xfbb93f96716b0d2956048248304c92a0a4c59ddaeb7e5ebb03ae204fdeee814b has been processed, check this redeem tx https://etherscan.io/tx/0x85a113e33573cf655b368e833e2a32bc36e192768464d481e3ae043f00f9d346
Bridge Backend Started ::
Listening on swap event ......
Confirming swap from ETH to BSC MAINNET Tx : https://etherscan.io/tx/0xf359b025d638ffbf6abf7b53518e64d148b72eda2825f02a0edf1748d2b0d38a
Processing Redeem Tx: 0xf359b025d638ffbf6abf7b53518e64d148b72eda2825f02a0edf1748d2b0d38a .....
Sending Redeem Tx 0xf359b025d638ffbf6abf7b53518e64d148b72eda2825f02a0edf1748d2b0d38a to blockchain network, waiting for confirmation...
Redeem Tx 0xf359b025d638ffbf6abf7b53518e64d148b72eda2825f02a0edf1748d2b0d38a has been processed, check this redeem tx https://bscscan.com/tx/0x26869c9dfcfe7d4c512e697e92ed481d979c2379819f7b08f0d4a8407890d710
Confirming swap from ETH to BSC MAINNET Tx : https://etherscan.io/tx/0xf359b025d638ffbf6abf7b53518e64d148b72eda2825f02a0edf1748d2b0d38a
Processing Redeem Tx: 0xf359b025d638ffbf6abf7b53518e64d148b72eda2825f02a0edf1748d2b0d38a .....
Bridge Backend Started ::
Listening on swap event ......
