Bridge Backend Started ::
Listening on swap event ......
Include Token on chain BSC MAINNET Ticker : BTT Address : 0x5C668e913D5b9395a43C075bf87534460CEE15f9
Include Token on chain BSC MAINNET Ticker : BTT Address : 0x5C668e913D5b9395a43C075bf87534460CEE15f9
Include Token success on https://bscscan.com/tx/0x0fd23057f1400920898c240b4b412b569c2a401fb67b6a5e18bfdccdcca4fe19
Update swap destination chain BSC MAINNET to chain : ETH TESTNET : True
Update success on https://bscscan.com/tx/0xcea16441bf3766bf258e5b828258c8a34912d70b2c08a92c77fd39b94e333b76
Include Token on chain ETH Ticker : BTT Address : 0x5C668e913D5b9395a43C075bf87534460CEE15f9
Include Token on chain ETH Ticker : BTT Address : 0x5C668e913D5b9395a43C075bf87534460CEE15f9
Include Token on chain ETH Ticker : BTT Address : 0x5C668e913D5b9395a43C075bf87534460CEE15f9
0x5F55F4D42a36Cb665175e3a66F5708bb5e9b2ac5
Include Token on chain BSC MAINNET Ticker : BTT Address : 0x5C668e913D5b9395a43C075bf87534460CEE15f9
0x5F55F4D42a36Cb665175e3a66F5708bb5e9b2ac5
26998
Include Token on chain BSC MAINNET Ticker : BTT Address : 0x5C668e913D5b9395a43C075bf87534460CEE15f9
Include Token on chain BSC MAINNET Ticker : BTT Address : 0x5C668e913D5b9395a43C075bf87534460CEE15f9
26998
5000000000
Include Token on chain ETH Ticker : BTT Address : 0x5C668e913D5b9395a43C075bf87534460CEE15f9
Include Token on chain ETH Ticker : BTT Address : 0x5C668e913D5b9395a43C075bf87534460CEE15f9
29598
76300046760
